> Task :app:preBuild UP-TO-DATE
> Task :app:preDebugBuild UP-TO-DATE
> Task :app:mergeDebugNativeDebugMetadata NO-SOURCE
> Task :app:checkKotlinGradlePluginConfigurationErrors SKIPPED
> Task :app:generateDebugBuildConfig UP-TO-DATE
> Task :app:checkDebugAarMetadata UP-TO-DATE
> Task :app:generateDebugResValues UP-TO-DATE
> Task :app:mapDebugSourceSetPaths UP-TO-DATE
> Task :app:generateDebugResources UP-TO-DATE
> Task :app:mergeDebugResources UP-TO-DATE
> Task :app:packageDebugResources UP-TO-DATE
> Task :app:parseDebugLocalResources UP-TO-DATE
> Task :app:createDebugCompatibleScreenManifests UP-TO-DATE
> Task :app:extractDeepLinksDebug UP-TO-DATE
> Task :app:processDebugMainManifest UP-TO-DATE
> Task :app:processDebugManifest UP-TO-DATE
> Task :app:processDebugManifestForPackage UP-TO-DATE
> Task :app:javaPreCompileDebug UP-TO-DATE
> Task :app:mergeDebugShaders UP-TO-DATE
> Task :app:compileDebugShaders NO-SOURCE
> Task :app:generateDebugAssets UP-TO-DATE
> Task :app:mergeDebugAssets UP-TO-DATE
> Task :app:compressDebugAssets UP-TO-DATE
> Task :app:desugarDebugFileDependencies UP-TO-DATE
> Task :app:checkDebugDuplicateClasses UP-TO-DATE
> Task :app:mergeDebugStartupProfile UP-TO-DATE
> Task :app:mergeExtDexDebug UP-TO-DATE
> Task :app:mergeLibDexDebug UP-TO-DATE
> Task :app:configureCMakeDebug[arm64-v8a]
> Task :app:buildCMakeDebug[arm64-v8a]
> Task :app:processDebugResources
> Task :app:configureCMakeDebug[x86_64]
> Task :app:kspDebugKotlin UP-TO-DATE
> Task :app:compileDebugKotlin UP-TO-DATE
> Task :app:compileDebugJavaWithJavac UP-TO-DATE
> Task :app:hiltAggregateDepsDebug UP-TO-DATE
> Task :app:hiltJavaCompileDebug UP-TO-DATE
> Task :app:transformDebugClassesWithAsm UP-TO-DATE
> Task :app:dexBuilderDebug
> Task :app:mergeDebugGlobalSynthetics UP-TO-DATE
> Task :app:processDebugJavaRes UP-TO-DATE
> Task :app:mergeDebugJavaResource UP-TO-DATE

> Task :app:buildCMakeDebug[x86_64] FAILED
C/C++: ninja: error: 'C:/Users/Asus/Desktop/bored/mobile-llama-compyle-offline-ai-android-app/app/src/main/jniLibs/x86_64/libllama.so', needed by 'C:/Users/Asus/Desktop/bored/mobile-llama-compyle-offline-ai-android-app/app/build/intermediates/cxx/Debug/314g5z2v/obj/x86_64/libllama_jni.so', missing and no known rule to make it

> Task :app:mergeProjectDexDebug

FAILURE: Build failed with an exception.

* What went wrong:
Execution failed for task ':app:buildCMakeDebug[x86_64]'.
> com.android.ide.common.process.ProcessException: ninja: Entering directory `C:\Users\Asus\Desktop\bored\mobile-llama-compyle-offline-ai-android-app\app\.cxx\Debug\314g5z2v\x86_64'
  
  C++ build system [build] failed while executing:
      @echo off
      "C:\\Users\\Asus\\AppData\\Local\\Android\\Sdk\\cmake\\3.22.1\\bin\\ninja.exe" ^
        -C ^
        "C:\\Users\\Asus\\Desktop\\bored\\mobile-llama-compyle-offline-ai-android-app\\app\\.cxx\\Debug\\314g5z2v\\x86_64" ^
        llama_jni
    from C:\Users\Asus\Desktop\bored\mobile-llama-compyle-offline-ai-android-app\app
  ninja: error: 'C:/Users/Asus/Desktop/bored/mobile-llama-compyle-offline-ai-android-app/app/src/main/jniLibs/x86_64/libllama.so', needed by 'C:/Users/Asus/Desktop/bored/mobile-llama-compyle-offline-ai-android-app/app/build/intermediates/cxx/Debug/314g5z2v/obj/x86_64/libllama_jni.so', missing and no known rule to make it

* Try:
> Run with --stacktrace option to get the stack trace.
> Run with --info or --debug option to get more log output.
> Run with --scan to get full insights.
> Get more help at https://help.gradle.org.

BUILD FAILED in 6s
38 actionable tasks: 7 executed, 31 up-to-date
